<?xml version="1.0" encoding="UTF-8"?>
<testsuite name="appium.tutorial.ios.PageObjectPatternTest" time="44.361" tests="1" errors="1" skipped="0" failures="0">
  <properties>
[...]
</properties>
  <testcase name="pageObject" classname="appium.tutorial.ios.PageObjectPatternTest" time="44.361">
    <error message="An element could not be located on the page using the given search parameters. (WARNING: The server did not provide any stacktrace information)&#10;Command duration or timeout: 30.55 seconds&#10;For documentation on this error, please visit: http://seleniumhq.org/exceptions/no_such_element.html&#10;Build info: version: &apos;2.42.1&apos;, revision: &apos;68b415adb11acca4286be45124325cc36cfc4a51&apos;, time: &apos;2014-05-29 09:21:55&apos;&#10;System info: host: &apos;XMNA014.local&apos;, ip: &apos;10.32.36.58&apos;, os.name: &apos;Mac OS X&apos;, os.arch: &apos;x86_64&apos;, os.version: &apos;10.10.3&apos;, java.version: &apos;1.8.0_20&apos;&#10;Driver info: io.appium.java_client.AppiumDriver&#10;Capabilities [{app=/Users/bree.lu/Workspace/testEnvProject/tutorial-master 2/projects/java_ios/UICatalog6.1.app.zip, networkConnectionEnabled=false, warnings={}, databaseEnabled=false, deviceName=iPhone Simulator, platform=MAC, desired={app=/Users/bree.lu/Workspace/testEnvProject/tutorial-master 2/projects/java_ios/UICatalog6.1.app.zip, appium-version=1.4.1, platformVersion=8.3, name=Java iOS tutorial Tue Jul 21 14:08:39 CST 2015, platformName=ios, deviceName=iPhone Simulator}, appium-version=1.4.1, platformVersion=8.3, webStorageEnabled=false, locationContextEnabled=false, name=Java iOS tutorial Tue Jul 21 14:08:39 CST 2015, browserName=iOS, takesScreenshot=true, javascriptEnabled=true, platformName=ios}]&#10;Session ID: 09873220-40a1-426a-a529-25a7a384cd27" type="org.openqa.selenium.NoSuchElementException">org.openqa.selenium.NoSuchElementException: An element could not be located on the page using the given search parameters. (WARNING: The server did not provide any stacktrace information)
Command duration or timeout: 30.55 seconds
For documentation on this error, please visit: http://seleniumhq.org/exceptions/no_such_element.html
Build info: version: '2.42.1', revision: '68b415adb11acca4286be45124325cc36cfc4a51', time: '2014-05-29 09:21:55'
System info: host: 'XMNA014.local', ip: '10.32.36.58', os.name: 'Mac OS X', os.arch: 'x86_64', os.version: '10.10.3', java.version: '1.8.0_20'
Driver info: io.appium.java_client.AppiumDriver
Capabilities [{app=/Users/bree.lu/Workspace/testEnvProject/tutorial-master 2/projects/java_ios/UICatalog6.1.app.zip, networkConnectionEnabled=false, warnings={}, databaseEnabled=false, deviceName=iPhone Simulator, platform=MAC, desired={app=/Users/bree.lu/Workspace/testEnvProject/tutorial-master 2/projects/java_ios/UICatalog6.1.app.zip, appium-version=1.4.1, platformVersion=8.3, name=Java iOS tutorial Tue Jul 21 14:08:39 CST 2015, platformName=ios, deviceName=iPhone Simulator}, appium-version=1.4.1, platformVersion=8.3, webStorageEnabled=false, locationContextEnabled=false, name=Java iOS tutorial Tue Jul 21 14:08:39 CST 2015, browserName=iOS, takesScreenshot=true, javascriptEnabled=true, platformName=ios}]
Session ID: 09873220-40a1-426a-a529-25a7a384cd27
	at sun.reflect.NativeConstructorAccessorImpl.newInstance0(Native Method)
	at sun.reflect.NativeConstructorAccessorImpl.newInstance(NativeConstructorAccessorImpl.java:62)
	at sun.reflect.DelegatingConstructorAccessorImpl.newInstance(DelegatingConstructorAccessorImpl.java:45)
	at java.lang.reflect.Constructor.newInstance(Constructor.java:408)
	at org.openqa.selenium.remote.ErrorHandler.createThrowable(ErrorHandler.java:204)
	at org.openqa.selenium.remote.ErrorHandler.throwIfResponseFailed(ErrorHandler.java:156)
	at org.openqa.selenium.remote.RemoteWebDriver.execute(RemoteWebDriver.java:600)
	at io.appium.java_client.AppiumDriver.execute(AppiumDriver.java:82)
	at org.openqa.selenium.remote.RemoteWebDriver.findElement(RemoteWebDriver.java:353)
	at io.appium.java_client.AppiumDriver.findElementByAccessibilityId(AppiumDriver.java:547)
	at io.appium.java_client.MobileBy$ByAccessibilityId.findElement(MobileBy.java:100)
	at org.openqa.selenium.remote.RemoteWebDriver.findElement(RemoteWebDriver.java:345)
	at appium.tutorial.ios.util.Helpers.element(Helpers.java:53)
	at appium.tutorial.ios.page.HomePage.buttonsClick(HomePage.java:15)
	at appium.tutorial.ios.PageObjectPatternTest.pageObject(PageObjectPatternTest.java:11)
</error>
    <system-out><![CDATA[  test: pageObject
]]></system-out>
  </testcase>
</testsuite>